c:\users\sony\desktop\lte_x2_handover\simulation lte_x2_handover\lte\debug\vc140.pdb
c:\users\sony\desktop\lte_x2_handover\simulation lte_x2_handover\lte\debug\vc140.idb
c:\users\sony\desktop\lte_x2_handover\simulation lte_x2_handover\lte\debug\ca.obj
c:\users\sony\desktop\lte_x2_handover\simulation lte_x2_handover\lte\debug\d2d.obj
c:\users\sony\desktop\lte_x2_handover\simulation lte_x2_handover\lte\debug\femtocell.obj
c:\users\sony\desktop\lte_x2_handover\simulation lte_x2_handover\lte\debug\harq.obj
c:\users\sony\desktop\lte_x2_handover\simulation lte_x2_handover\lte\debug\lte.obj
c:\users\sony\desktop\lte_x2_handover\simulation lte_x2_handover\lte\debug\lte_enum.obj
c:\users\sony\desktop\lte_x2_handover\simulation lte_x2_handover\lte\debug\lte_phy.obj
c:\users\sony\desktop\lte_x2_handover\simulation lte_x2_handover\lte\debug\mac_scheduler.obj
c:\users\sony\desktop\lte_x2_handover\simulation lte_x2_handover\lte\debug\mimo.obj
c:\users\sony\desktop\lte_x2_handover\simulation lte_x2_handover\lte\debug\nas.obj
c:\users\sony\desktop\lte_x2_handover\simulation lte_x2_handover\lte\debug\pdcp.obj
c:\users\sony\desktop\lte_x2_handover\simulation lte_x2_handover\lte\debug\relay.obj
c:\users\sony\desktop\lte_x2_handover\simulation lte_x2_handover\lte\debug\rlc.obj
c:\users\sony\desktop\lte_x2_handover\simulation lte_x2_handover\lte\debug\rrc.obj
c:\users\sony\desktop\lte_x2_handover\simulation lte_x2_handover\lte\debug\lte.tlog\cl.command.1.tlog
c:\users\sony\desktop\lte_x2_handover\simulation lte_x2_handover\lte\debug\lte.tlog\cl.read.1.tlog
c:\users\sony\desktop\lte_x2_handover\simulation lte_x2_handover\lte\debug\lte.tlog\cl.write.1.tlog
c:\users\sony\desktop\lte_x2_handover\simulation lte_x2_handover\lte\debug\lte.tlog\link.command.1.tlog
c:\users\sony\desktop\lte_x2_handover\simulation lte_x2_handover\lte\debug\lte.tlog\link.read.1.tlog
c:\users\sony\desktop\lte_x2_handover\simulation lte_x2_handover\lte\debug\lte.tlog\link.write.1.tlog
